<?xml version="1.0" encoding="UTF-8"?>
<!-- Generated by org.testng.reporters.JUnitReportReporter -->
<testsuite hostname="DESKTOP-2J8H1US" failures="0" tests="2" name="ParallelTest" time="36.160" errors="0" timestamp="2021-08-21T10:11:29 IST" skipped="0">
  <testcase classname="ParallelTest" name="ChromeTest" time="12.931"/>
  <system-out/>
  <testcase classname="ParallelTest" name="FirefoxTest" time="23.229"/>
  <system-out/>
</testsuite> <!-- ParallelTest -->
