<?xml version="1.0" encoding="UTF-8"?>
<!-- Generated by org.testng.reporters.JUnitReportReporter -->
<testsuite hostname="DESKTOP-2J8H1US" failures="0" tests="2" name="com.hrms.Test.CrossBrowser_Testing" time="44.505" errors="0" timestamp="2021-08-21T10:02:02 IST" skipped="0">
  <testcase classname="com.hrms.Test.CrossBrowser_Testing" name="FirefoxTest" time="29.772"/>
  <system-out/>
  <testcase classname="com.hrms.Test.CrossBrowser_Testing" name="ChromeTest" time="14.733"/>
  <system-out/>
</testsuite> <!-- com.hrms.Test.CrossBrowser_Testing -->
